<?xml version="1.0" encoding="UTF-8"?>
<testng-results skipped="0" failed="0" ignored="0" total="1" passed="1">
  <reporter-output>
  </reporter-output>
  <suite name="Default suite" duration-ms="12004" started-at="2021-03-17T12:07:08Z" finished-at="2021-03-17T12:07:20Z">
    <groups>
    </groups>
    <test name="Default test" duration-ms="12004" started-at="2021-03-17T12:07:08Z" finished-at="2021-03-17T12:07:20Z">
      <class name="GJM17.GJM17.M17">
        <test-method status="PASS" signature="setUp()[pri:0, instance:GJM17.GJM17.M17@475530b9]" name="setUp" is-config="true" duration-ms="3150" started-at="2021-03-17T12:07:08Z" finished-at="2021-03-17T12:07:12Z">
          <reporter-output>
          </reporter-output>
        </test-method> <!-- setUp -->
        <test-method status="PASS" signature="OpenBrowser()[pri:0, instance:GJM17.GJM17.M17@475530b9]" name="OpenBrowser" duration-ms="4679" started-at="2021-03-17T12:07:12Z" finished-at="2021-03-17T12:07:16Z">
          <reporter-output>
          </reporter-output>
        </test-method> <!-- OpenBrowser -->
        <test-method status="PASS" signature="Teardown()[pri:0, instance:GJM17.GJM17.M17@475530b9]" name="Teardown" is-config="true" duration-ms="4128" started-at="2021-03-17T12:07:16Z" finished-at="2021-03-17T12:07:20Z">
          <reporter-output>
          </reporter-output>
        </test-method> <!-- Teardown -->
      </class> <!-- GJM17.GJM17.M17 -->
    </test> <!-- Default test -->
  </suite> <!-- Default suite -->
</testng-results>
